<?xml version="1.0" encoding="UTF-8"?>
<testsuite xmlns:xsi="http://www.w3.org/2001/XMLSchema-instance" xsi:noNamespaceSchemaLocation="https://maven.apache.org/surefire/maven-surefire-plugin/xsd/surefire-test-report.xsd" name="com.bcbpm.framework.AppTest" time="0.096" tests="1" errors="0" skipped="0" failures="0">
  <properties>
    <property name="sun.desktop" value="windows"/>
    <property name="awt.toolkit" value="sun.awt.windows.WToolkit"/>
    <property name="file.encoding.pkg" value="sun.io"/>
    <property name="java.specification.version" value="1.8"/>
    <property name="sun.cpu.isalist" value="amd64"/>
    <property name="sun.jnu.encoding" value="GBK"/>
    <property name="java.class.path" value="F:\xhnc\bcbpm-boot\bcbpm-framework\target\test-classes;F:\xhnc\bcbpm-boot\bcbpm-framework\target\classes;F:\xhnc\bcbpm-boot\bcbpm-util\target\bcbpm-util-1.0-SNAPSHOT.jar;F:\xhnc\bcbpm-boot\bcbpm-model\target\bcbpm-model-1.0-SNAPSHOT.jar;E:\apache-maven-3.5.4\repository\org\springframework\boot\spring-boot-starter-web\2.0.4.RELEASE\spring-boot-starter-web-2.0.4.RELEASE.jar;E:\apache-maven-3.5.4\repository\org\springframework\boot\spring-boot-starter\2.0.4.RELEASE\spring-boot-starter-2.0.4.RELEASE.jar;E:\apache-maven-3.5.4\repository\org\springframework\boot\spring-boot\2.0.4.RELEASE\spring-boot-2.0.4.RELEASE.jar;E:\apache-maven-3.5.4\repository\org\springframework\boot\spring-boot-autoconfigure\2.0.4.RELEASE\spring-boot-autoconfigure-2.0.4.RELEASE.jar;E:\apache-maven-3.5.4\repository\javax\annotation\javax.annotation-api\1.3.2\javax.annotation-api-1.3.2.jar;E:\apache-maven-3.5.4\repository\org\yaml\snakeyaml\1.19\snakeyaml-1.19.jar;E:\apache-maven-3.5.4\repository\org\springframework\boot\spring-boot-starter-json\2.0.4.RELEASE\spring-boot-starter-json-2.0.4.RELEASE.jar;E:\apache-maven-3.5.4\repository\com\fasterxml\jackson\core\jackson-databind\2.9.6\jackson-databind-2.9.6.jar;E:\apache-maven-3.5.4\repository\com\fasterxml\jackson\core\jackson-annotations\2.9.0\jackson-annotations-2.9.0.jar;E:\apache-maven-3.5.4\repository\com\fasterxml\jackson\core\jackson-core\2.9.6\jackson-core-2.9.6.jar;E:\apache-maven-3.5.4\repository\com\fasterxml\jackson\datatype\jackson-datatype-jdk8\2.9.6\jackson-datatype-jdk8-2.9.6.jar;E:\apache-maven-3.5.4\repository\com\fasterxml\jackson\datatype\jackson-datatype-jsr310\2.9.6\jackson-datatype-jsr310-2.9.6.jar;E:\apache-maven-3.5.4\repository\com\fasterxml\jackson\module\jackson-module-parameter-names\2.9.6\jackson-module-parameter-names-2.9.6.jar;E:\apache-maven-3.5.4\repository\org\springframework\boot\spring-boot-starter-tomcat\2.0.4.RELEASE\spring-boot-starter-tomcat-2.0.4.RELEASE.jar;E:\apache-maven-3.5.4\repository\org\apache\tomcat\embed\tomcat-embed-core\8.5.32\tomcat-embed-core-8.5.32.jar;E:\apache-maven-3.5.4\repository\org\apache\tomcat\embed\tomcat-embed-el\8.5.32\tomcat-embed-el-8.5.32.jar;E:\apache-maven-3.5.4\repository\org\apache\tomcat\embed\tomcat-embed-websocket\8.5.32\tomcat-embed-websocket-8.5.32.jar;E:\apache-maven-3.5.4\repository\org\hibernate\validator\hibernate-validator\6.0.11.Final\hibernate-validator-6.0.11.Final.jar;E:\apache-maven-3.5.4\repository\javax\validation\validation-api\2.0.1.Final\validation-api-2.0.1.Final.jar;E:\apache-maven-3.5.4\repository\org\jboss\logging\jboss-logging\3.3.2.Final\jboss-logging-3.3.2.Final.jar;E:\apache-maven-3.5.4\repository\com\fasterxml\classmate\1.3.4\classmate-1.3.4.jar;E:\apache-maven-3.5.4\repository\org\springframework\spring-web\5.0.8.RELEASE\spring-web-5.0.8.RELEASE.jar;E:\apache-maven-3.5.4\repository\org\springframework\spring-beans\5.0.8.RELEASE\spring-beans-5.0.8.RELEASE.jar;E:\apache-maven-3.5.4\repository\org\springframework\spring-webmvc\5.0.8.RELEASE\spring-webmvc-5.0.8.RELEASE.jar;E:\apache-maven-3.5.4\repository\org\springframework\spring-context\5.0.8.RELEASE\spring-context-5.0.8.RELEASE.jar;E:\apache-maven-3.5.4\repository\org\springframework\spring-expression\5.0.8.RELEASE\spring-expression-5.0.8.RELEASE.jar;E:\apache-maven-3.5.4\repository\org\springframework\boot\spring-boot-starter-logging\2.0.4.RELEASE\spring-boot-starter-logging-2.0.4.RELEASE.jar;E:\apache-maven-3.5.4\repository\ch\qos\logback\logback-classic\1.2.3\logback-classic-1.2.3.jar;E:\apache-maven-3.5.4\repository\ch\qos\logback\logback-core\1.2.3\logback-core-1.2.3.jar;E:\apache-maven-3.5.4\repository\org\apache\logging\log4j\log4j-to-slf4j\2.10.0\log4j-to-slf4j-2.10.0.jar;E:\apache-maven-3.5.4\repository\org\apache\logging\log4j\log4j-api\2.10.0\log4j-api-2.10.0.jar;E:\apache-maven-3.5.4\repository\org\slf4j\jul-to-slf4j\1.7.25\jul-to-slf4j-1.7.25.jar;E:\apache-maven-3.5.4\repository\org\springframework\boot\spring-boot-starter-test\2.0.4.RELEASE\spring-boot-starter-test-2.0.4.RELEASE.jar;E:\apache-maven-3.5.4\repository\org\springframework\boot\spring-boot-test\2.0.4.RELEASE\spring-boot-test-2.0.4.RELEASE.jar;E:\apache-maven-3.5.4\repository\org\springframework\boot\spring-boot-test-autoconfigure\2.0.4.RELEASE\spring-boot-test-autoconfigure-2.0.4.RELEASE.jar;E:\apache-maven-3.5.4\repository\com\jayway\jsonpath\json-path\2.4.0\json-path-2.4.0.jar;E:\apache-maven-3.5.4\repository\net\minidev\json-smart\2.3\json-smart-2.3.jar;E:\apache-maven-3.5.4\repository\net\minidev\accessors-smart\1.2\accessors-smart-1.2.jar;E:\apache-maven-3.5.4\repository\org\ow2\asm\asm\5.0.4\asm-5.0.4.jar;E:\apache-maven-3.5.4\repository\junit\junit\4.12\junit-4.12.jar;E:\apache-maven-3.5.4\repository\org\assertj\assertj-core\3.9.1\assertj-core-3.9.1.jar;E:\apache-maven-3.5.4\repository\org\mockito\mockito-core\2.15.0\mockito-core-2.15.0.jar;E:\apache-maven-3.5.4\repository\net\bytebuddy\byte-buddy\1.7.11\byte-buddy-1.7.11.jar;E:\apache-maven-3.5.4\repository\net\bytebuddy\byte-buddy-agent\1.7.11\byte-buddy-agent-1.7.11.jar;E:\apache-maven-3.5.4\repository\org\objenesis\objenesis\2.6\objenesis-2.6.jar;E:\apache-maven-3.5.4\repository\org\hamcrest\hamcrest-core\1.3\hamcrest-core-1.3.jar;E:\apache-maven-3.5.4\repository\org\hamcrest\hamcrest-library\1.3\hamcrest-library-1.3.jar;E:\apache-maven-3.5.4\repository\org\skyscreamer\jsonassert\1.5.0\jsonassert-1.5.0.jar;E:\apache-maven-3.5.4\repository\com\vaadin\external\google\android-json\0.0.20131108.vaadin1\android-json-0.0.20131108.vaadin1.jar;E:\apache-maven-3.5.4\repository\org\springframework\spring-core\5.0.8.RELEASE\spring-core-5.0.8.RELEASE.jar;E:\apache-maven-3.5.4\repository\org\springframework\spring-jcl\5.0.8.RELEASE\spring-jcl-5.0.8.RELEASE.jar;E:\apache-maven-3.5.4\repository\org\springframework\spring-test\5.0.8.RELEASE\spring-test-5.0.8.RELEASE.jar;E:\apache-maven-3.5.4\repository\org\xmlunit\xmlunit-core\2.5.1\xmlunit-core-2.5.1.jar;E:\apache-maven-3.5.4\repository\org\springframework\boot\spring-boot-starter-aop\2.0.4.RELEASE\spring-boot-starter-aop-2.0.4.RELEASE.jar;E:\apache-maven-3.5.4\repository\org\springframework\spring-aop\5.0.8.RELEASE\spring-aop-5.0.8.RELEASE.jar;E:\apache-maven-3.5.4\repository\org\aspectj\aspectjweaver\1.8.13\aspectjweaver-1.8.13.jar;E:\apache-maven-3.5.4\repository\org\slf4j\slf4j-simple\1.7.25\slf4j-simple-1.7.25.jar;E:\apache-maven-3.5.4\repository\org\slf4j\slf4j-api\1.7.25\slf4j-api-1.7.25.jar;E:\apache-maven-3.5.4\repository\org\apache\commons\commons-dbcp2\2.2.0\commons-dbcp2-2.2.0.jar;E:\apache-maven-3.5.4\repository\org\apache\commons\commons-pool2\2.5.0\commons-pool2-2.5.0.jar;E:\apache-maven-3.5.4\repository\com\alibaba\druid\1.1.10\druid-1.1.10.jar;E:\apache-maven-3.5.4\repository\mysql\mysql-connector-java\5.1.46\mysql-connector-java-5.1.46.jar;E:\apache-maven-3.5.4\repository\org\mybatis\spring\boot\mybatis-spring-boot-starter\1.3.2\mybatis-spring-boot-starter-1.3.2.jar;E:\apache-maven-3.5.4\repository\org\springframework\boot\spring-boot-starter-jdbc\2.0.4.RELEASE\spring-boot-starter-jdbc-2.0.4.RELEASE.jar;E:\apache-maven-3.5.4\repository\com\zaxxer\HikariCP\2.7.9\HikariCP-2.7.9.jar;E:\apache-maven-3.5.4\repository\org\springframework\spring-jdbc\5.0.8.RELEASE\spring-jdbc-5.0.8.RELEASE.jar;E:\apache-maven-3.5.4\repository\org\mybatis\spring\boot\mybatis-spring-boot-autoconfigure\1.3.2\mybatis-spring-boot-autoconfigure-1.3.2.jar;E:\apache-maven-3.5.4\repository\org\mybatis\mybatis\3.4.6\mybatis-3.4.6.jar;E:\apache-maven-3.5.4\repository\org\mybatis\mybatis-spring\1.3.2\mybatis-spring-1.3.2.jar;E:\apache-maven-3.5.4\repository\redis\clients\jedis\2.9.0\jedis-2.9.0.jar;E:\apache-maven-3.5.4\repository\org\activiti\activiti-spring-boot-starter-basic\6.0.0\activiti-spring-boot-starter-basic-6.0.0.jar;E:\apache-maven-3.5.4\repository\org\activiti\activiti-engine\6.0.0\activiti-engine-6.0.0.jar;E:\apache-maven-3.5.4\repository\org\activiti\activiti-bpmn-converter\6.0.0\activiti-bpmn-converter-6.0.0.jar;E:\apache-maven-3.5.4\repository\org\activiti\activiti-bpmn-model\6.0.0\activiti-bpmn-model-6.0.0.jar;E:\apache-maven-3.5.4\repository\org\activiti\activiti-process-validation\6.0.0\activiti-process-validation-6.0.0.jar;E:\apache-maven-3.5.4\repository\org\activiti\activiti-image-generator\6.0.0\activiti-image-generator-6.0.0.jar;E:\apache-maven-3.5.4\repository\org\activiti\activiti-dmn-api\6.0.0\activiti-dmn-api-6.0.0.jar;E:\apache-maven-3.5.4\repository\org\activiti\activiti-dmn-model\6.0.0\activiti-dmn-model-6.0.0.jar;E:\apache-maven-3.5.4\repository\org\activiti\activiti-form-model\6.0.0\activiti-form-model-6.0.0.jar;E:\apache-maven-3.5.4\repository\org\activiti\activiti-form-api\6.0.0\activiti-form-api-6.0.0.jar;E:\apache-maven-3.5.4\repository\org\apache\commons\commons-email\1.4\commons-email-1.4.jar;E:\apache-maven-3.5.4\repository\com\sun\mail\javax.mail\1.6.1\javax.mail-1.6.1.jar;E:\apache-maven-3.5.4\repository\javax\activation\activation\1.1.1\activation-1.1.1.jar;E:\apache-maven-3.5.4\repository\org\apache\commons\commons-lang3\3.7\commons-lang3-3.7.jar;E:\apache-maven-3.5.4\repository\de\odysseus\juel\juel-api\2.2.7\juel-api-2.2.7.jar;E:\apache-maven-3.5.4\repository\de\odysseus\juel\juel-impl\2.2.7\juel-impl-2.2.7.jar;E:\apache-maven-3.5.4\repository\de\odysseus\juel\juel-spi\2.2.7\juel-spi-2.2.7.jar;E:\apache-maven-3.5.4\repository\joda-time\joda-time\2.9.9\joda-time-2.9.9.jar;E:\apache-maven-3.5.4\repository\org\slf4j\jcl-over-slf4j\1.7.25\jcl-over-slf4j-1.7.25.jar;E:\apache-maven-3.5.4\repository\org\activiti\activiti-spring\6.0.0\activiti-spring-6.0.0.jar;E:\apache-maven-3.5.4\repository\org\springframework\spring-tx\5.0.8.RELEASE\spring-tx-5.0.8.RELEASE.jar;E:\apache-maven-3.5.4\repository\org\springframework\spring-orm\5.0.8.RELEASE\spring-orm-5.0.8.RELEASE.jar;E:\apache-maven-3.5.4\repository\commons-dbcp\commons-dbcp\1.4\commons-dbcp-1.4.jar;E:\apache-maven-3.5.4\repository\commons-pool\commons-pool\1.6\commons-pool-1.6.jar;"/>
    <property name="java.vm.vendor" value="Oracle Corporation"/>
    <property name="sun.arch.data.model" value="64"/>
    <property name="user.variant" value=""/>
    <property name="java.vendor.url" value="http://java.oracle.com/"/>
    <property name="user.timezone" value=""/>
    <property name="java.vm.specification.version" value="1.8"/>
    <property name="os.name" value="Windows 10"/>
    <property name="user.country" value="CN"/>
    <property name="sun.java.launcher" value="SUN_STANDARD"/>
    <property name="sun.boot.library.path" value="C:\Java\jdk1.8.0_181\jre\bin"/>
    <property name="sun.java.command" value="C:\Users\ja\AppData\Local\Temp\surefire7973285075907761229\surefirebooter3041508748532800436.jar C:\Users\ja\AppData\Local\Temp\surefire7973285075907761229 2018-10-11T15-10-44_188-jvmRun1 surefire6104771175233885617tmp surefire_21064633212078089349tmp"/>
    <property name="surefire.test.class.path" value="F:\xhnc\bcbpm-boot\bcbpm-framework\target\test-classes;F:\xhnc\bcbpm-boot\bcbpm-framework\target\classes;F:\xhnc\bcbpm-boot\bcbpm-util\target\bcbpm-util-1.0-SNAPSHOT.jar;F:\xhnc\bcbpm-boot\bcbpm-model\target\bcbpm-model-1.0-SNAPSHOT.jar;E:\apache-maven-3.5.4\repository\org\springframework\boot\spring-boot-starter-web\2.0.4.RELEASE\spring-boot-starter-web-2.0.4.RELEASE.jar;E:\apache-maven-3.5.4\repository\org\springframework\boot\spring-boot-starter\2.0.4.RELEASE\spring-boot-starter-2.0.4.RELEASE.jar;E:\apache-maven-3.5.4\repository\org\springframework\boot\spring-boot\2.0.4.RELEASE\spring-boot-2.0.4.RELEASE.jar;E:\apache-maven-3.5.4\repository\org\springframework\boot\spring-boot-autoconfigure\2.0.4.RELEASE\spring-boot-autoconfigure-2.0.4.RELEASE.jar;E:\apache-maven-3.5.4\repository\javax\annotation\javax.annotation-api\1.3.2\javax.annotation-api-1.3.2.jar;E:\apache-maven-3.5.4\repository\org\yaml\snakeyaml\1.19\snakeyaml-1.19.jar;E:\apache-maven-3.5.4\repository\org\springframework\boot\spring-boot-starter-json\2.0.4.RELEASE\spring-boot-starter-json-2.0.4.RELEASE.jar;E:\apache-maven-3.5.4\repository\com\fasterxml\jackson\core\jackson-databind\2.9.6\jackson-databind-2.9.6.jar;E:\apache-maven-3.5.4\repository\com\fasterxml\jackson\core\jackson-annotations\2.9.0\jackson-annotations-2.9.0.jar;E:\apache-maven-3.5.4\repository\com\fasterxml\jackson\core\jackson-core\2.9.6\jackson-core-2.9.6.jar;E:\apache-maven-3.5.4\repository\com\fasterxml\jackson\datatype\jackson-datatype-jdk8\2.9.6\jackson-datatype-jdk8-2.9.6.jar;E:\apache-maven-3.5.4\repository\com\fasterxml\jackson\datatype\jackson-datatype-jsr310\2.9.6\jackson-datatype-jsr310-2.9.6.jar;E:\apache-maven-3.5.4\repository\com\fasterxml\jackson\module\jackson-module-parameter-names\2.9.6\jackson-module-parameter-names-2.9.6.jar;E:\apache-maven-3.5.4\repository\org\springframework\boot\spring-boot-starter-tomcat\2.0.4.RELEASE\spring-boot-starter-tomcat-2.0.4.RELEASE.jar;E:\apache-maven-3.5.4\repository\org\apache\tomcat\embed\tomcat-embed-core\8.5.32\tomcat-embed-core-8.5.32.jar;E:\apache-maven-3.5.4\repository\org\apache\tomcat\embed\tomcat-embed-el\8.5.32\tomcat-embed-el-8.5.32.jar;E:\apache-maven-3.5.4\repository\org\apache\tomcat\embed\tomcat-embed-websocket\8.5.32\tomcat-embed-websocket-8.5.32.jar;E:\apache-maven-3.5.4\repository\org\hibernate\validator\hibernate-validator\6.0.11.Final\hibernate-validator-6.0.11.Final.jar;E:\apache-maven-3.5.4\repository\javax\validation\validation-api\2.0.1.Final\validation-api-2.0.1.Final.jar;E:\apache-maven-3.5.4\repository\org\jboss\logging\jboss-logging\3.3.2.Final\jboss-logging-3.3.2.Final.jar;E:\apache-maven-3.5.4\repository\com\fasterxml\classmate\1.3.4\classmate-1.3.4.jar;E:\apache-maven-3.5.4\repository\org\springframework\spring-web\5.0.8.RELEASE\spring-web-5.0.8.RELEASE.jar;E:\apache-maven-3.5.4\repository\org\springframework\spring-beans\5.0.8.RELEASE\spring-beans-5.0.8.RELEASE.jar;E:\apache-maven-3.5.4\repository\org\springframework\spring-webmvc\5.0.8.RELEASE\spring-webmvc-5.0.8.RELEASE.jar;E:\apache-maven-3.5.4\repository\org\springframework\spring-context\5.0.8.RELEASE\spring-context-5.0.8.RELEASE.jar;E:\apache-maven-3.5.4\repository\org\springframework\spring-expression\5.0.8.RELEASE\spring-expression-5.0.8.RELEASE.jar;E:\apache-maven-3.5.4\repository\org\springframework\boot\spring-boot-starter-logging\2.0.4.RELEASE\spring-boot-starter-logging-2.0.4.RELEASE.jar;E:\apache-maven-3.5.4\repository\ch\qos\logback\logback-classic\1.2.3\logback-classic-1.2.3.jar;E:\apache-maven-3.5.4\repository\ch\qos\logback\logback-core\1.2.3\logback-core-1.2.3.jar;E:\apache-maven-3.5.4\repository\org\apache\logging\log4j\log4j-to-slf4j\2.10.0\log4j-to-slf4j-2.10.0.jar;E:\apache-maven-3.5.4\repository\org\apache\logging\log4j\log4j-api\2.10.0\log4j-api-2.10.0.jar;E:\apache-maven-3.5.4\repository\org\slf4j\jul-to-slf4j\1.7.25\jul-to-slf4j-1.7.25.jar;E:\apache-maven-3.5.4\repository\org\springframework\boot\spring-boot-starter-test\2.0.4.RELEASE\spring-boot-starter-test-2.0.4.RELEASE.jar;E:\apache-maven-3.5.4\repository\org\springframework\boot\spring-boot-test\2.0.4.RELEASE\spring-boot-test-2.0.4.RELEASE.jar;E:\apache-maven-3.5.4\repository\org\springframework\boot\spring-boot-test-autoconfigure\2.0.4.RELEASE\spring-boot-test-autoconfigure-2.0.4.RELEASE.jar;E:\apache-maven-3.5.4\repository\com\jayway\jsonpath\json-path\2.4.0\json-path-2.4.0.jar;E:\apache-maven-3.5.4\repository\net\minidev\json-smart\2.3\json-smart-2.3.jar;E:\apache-maven-3.5.4\repository\net\minidev\accessors-smart\1.2\accessors-smart-1.2.jar;E:\apache-maven-3.5.4\repository\org\ow2\asm\asm\5.0.4\asm-5.0.4.jar;E:\apache-maven-3.5.4\repository\junit\junit\4.12\junit-4.12.jar;E:\apache-maven-3.5.4\repository\org\assertj\assertj-core\3.9.1\assertj-core-3.9.1.jar;E:\apache-maven-3.5.4\repository\org\mockito\mockito-core\2.15.0\mockito-core-2.15.0.jar;E:\apache-maven-3.5.4\repository\net\bytebuddy\byte-buddy\1.7.11\byte-buddy-1.7.11.jar;E:\apache-maven-3.5.4\repository\net\bytebuddy\byte-buddy-agent\1.7.11\byte-buddy-agent-1.7.11.jar;E:\apache-maven-3.5.4\repository\org\objenesis\objenesis\2.6\objenesis-2.6.jar;E:\apache-maven-3.5.4\repository\org\hamcrest\hamcrest-core\1.3\hamcrest-core-1.3.jar;E:\apache-maven-3.5.4\repository\org\hamcrest\hamcrest-library\1.3\hamcrest-library-1.3.jar;E:\apache-maven-3.5.4\repository\org\skyscreamer\jsonassert\1.5.0\jsonassert-1.5.0.jar;E:\apache-maven-3.5.4\repository\com\vaadin\external\google\android-json\0.0.20131108.vaadin1\android-json-0.0.20131108.vaadin1.jar;E:\apache-maven-3.5.4\repository\org\springframework\spring-core\5.0.8.RELEASE\spring-core-5.0.8.RELEASE.jar;E:\apache-maven-3.5.4\repository\org\springframework\spring-jcl\5.0.8.RELEASE\spring-jcl-5.0.8.RELEASE.jar;E:\apache-maven-3.5.4\repository\org\springframework\spring-test\5.0.8.RELEASE\spring-test-5.0.8.RELEASE.jar;E:\apache-maven-3.5.4\repository\org\xmlunit\xmlunit-core\2.5.1\xmlunit-core-2.5.1.jar;E:\apache-maven-3.5.4\repository\org\springframework\boot\spring-boot-starter-aop\2.0.4.RELEASE\spring-boot-starter-aop-2.0.4.RELEASE.jar;E:\apache-maven-3.5.4\repository\org\springframework\spring-aop\5.0.8.RELEASE\spring-aop-5.0.8.RELEASE.jar;E:\apache-maven-3.5.4\repository\org\aspectj\aspectjweaver\1.8.13\aspectjweaver-1.8.13.jar;E:\apache-maven-3.5.4\repository\org\slf4j\slf4j-simple\1.7.25\slf4j-simple-1.7.25.jar;E:\apache-maven-3.5.4\repository\org\slf4j\slf4j-api\1.7.25\slf4j-api-1.7.25.jar;E:\apache-maven-3.5.4\repository\org\apache\commons\commons-dbcp2\2.2.0\commons-dbcp2-2.2.0.jar;E:\apache-maven-3.5.4\repository\org\apache\commons\commons-pool2\2.5.0\commons-pool2-2.5.0.jar;E:\apache-maven-3.5.4\repository\com\alibaba\druid\1.1.10\druid-1.1.10.jar;E:\apache-maven-3.5.4\repository\mysql\mysql-connector-java\5.1.46\mysql-connector-java-5.1.46.jar;E:\apache-maven-3.5.4\repository\org\mybatis\spring\boot\mybatis-spring-boot-starter\1.3.2\mybatis-spring-boot-starter-1.3.2.jar;E:\apache-maven-3.5.4\repository\org\springframework\boot\spring-boot-starter-jdbc\2.0.4.RELEASE\spring-boot-starter-jdbc-2.0.4.RELEASE.jar;E:\apache-maven-3.5.4\repository\com\zaxxer\HikariCP\2.7.9\HikariCP-2.7.9.jar;E:\apache-maven-3.5.4\repository\org\springframework\spring-jdbc\5.0.8.RELEASE\spring-jdbc-5.0.8.RELEASE.jar;E:\apache-maven-3.5.4\repository\org\mybatis\spring\boot\mybatis-spring-boot-autoconfigure\1.3.2\mybatis-spring-boot-autoconfigure-1.3.2.jar;E:\apache-maven-3.5.4\repository\org\mybatis\mybatis\3.4.6\mybatis-3.4.6.jar;E:\apache-maven-3.5.4\repository\org\mybatis\mybatis-spring\1.3.2\mybatis-spring-1.3.2.jar;E:\apache-maven-3.5.4\repository\redis\clients\jedis\2.9.0\jedis-2.9.0.jar;E:\apache-maven-3.5.4\repository\org\activiti\activiti-spring-boot-starter-basic\6.0.0\activiti-spring-boot-starter-basic-6.0.0.jar;E:\apache-maven-3.5.4\repository\org\activiti\activiti-engine\6.0.0\activiti-engine-6.0.0.jar;E:\apache-maven-3.5.4\repository\org\activiti\activiti-bpmn-converter\6.0.0\activiti-bpmn-converter-6.0.0.jar;E:\apache-maven-3.5.4\repository\org\activiti\activiti-bpmn-model\6.0.0\activiti-bpmn-model-6.0.0.jar;E:\apache-maven-3.5.4\repository\org\activiti\activiti-process-validation\6.0.0\activiti-process-validation-6.0.0.jar;E:\apache-maven-3.5.4\repository\org\activiti\activiti-image-generator\6.0.0\activiti-image-generator-6.0.0.jar;E:\apache-maven-3.5.4\repository\org\activiti\activiti-dmn-api\6.0.0\activiti-dmn-api-6.0.0.jar;E:\apache-maven-3.5.4\repository\org\activiti\activiti-dmn-model\6.0.0\activiti-dmn-model-6.0.0.jar;E:\apache-maven-3.5.4\repository\org\activiti\activiti-form-model\6.0.0\activiti-form-model-6.0.0.jar;E:\apache-maven-3.5.4\repository\org\activiti\activiti-form-api\6.0.0\activiti-form-api-6.0.0.jar;E:\apache-maven-3.5.4\repository\org\apache\commons\commons-email\1.4\commons-email-1.4.jar;E:\apache-maven-3.5.4\repository\com\sun\mail\javax.mail\1.6.1\javax.mail-1.6.1.jar;E:\apache-maven-3.5.4\repository\javax\activation\activation\1.1.1\activation-1.1.1.jar;E:\apache-maven-3.5.4\repository\org\apache\commons\commons-lang3\3.7\commons-lang3-3.7.jar;E:\apache-maven-3.5.4\repository\de\odysseus\juel\juel-api\2.2.7\juel-api-2.2.7.jar;E:\apache-maven-3.5.4\repository\de\odysseus\juel\juel-impl\2.2.7\juel-impl-2.2.7.jar;E:\apache-maven-3.5.4\repository\de\odysseus\juel\juel-spi\2.2.7\juel-spi-2.2.7.jar;E:\apache-maven-3.5.4\repository\joda-time\joda-time\2.9.9\joda-time-2.9.9.jar;E:\apache-maven-3.5.4\repository\org\slf4j\jcl-over-slf4j\1.7.25\jcl-over-slf4j-1.7.25.jar;E:\apache-maven-3.5.4\repository\org\activiti\activiti-spring\6.0.0\activiti-spring-6.0.0.jar;E:\apache-maven-3.5.4\repository\org\springframework\spring-tx\5.0.8.RELEASE\spring-tx-5.0.8.RELEASE.jar;E:\apache-maven-3.5.4\repository\org\springframework\spring-orm\5.0.8.RELEASE\spring-orm-5.0.8.RELEASE.jar;E:\apache-maven-3.5.4\repository\commons-dbcp\commons-dbcp\1.4\commons-dbcp-1.4.jar;E:\apache-maven-3.5.4\repository\commons-pool\commons-pool\1.6\commons-pool-1.6.jar;"/>
    <property name="sun.cpu.endian" value="little"/>
    <property name="user.home" value="C:\Users\ja"/>
    <property name="user.language" value="zh"/>
    <property name="java.specification.vendor" value="Oracle Corporation"/>
    <property name="java.home" value="C:\Java\jdk1.8.0_181\jre"/>
    <property name="basedir" value="F:\xhnc\bcbpm-boot\bcbpm-framework"/>
    <property name="file.separator" value="\"/>
    <property name="line.separator" value="&#10;"/>
    <property name="java.vm.specification.vendor" value="Oracle Corporation"/>
    <property name="java.specification.name" value="Java Platform API Specification"/>
    <property name="java.awt.graphicsenv" value="sun.awt.Win32GraphicsEnvironment"/>
    <property name="surefire.real.class.path" value="C:\Users\ja\AppData\Local\Temp\surefire7973285075907761229\surefirebooter3041508748532800436.jar"/>
    <property name="sun.boot.class.path" value="C:\Java\jdk1.8.0_181\jre\lib\resources.jar;C:\Java\jdk1.8.0_181\jre\lib\rt.jar;C:\Java\jdk1.8.0_181\jre\lib\sunrsasign.jar;C:\Java\jdk1.8.0_181\jre\lib\jsse.jar;C:\Java\jdk1.8.0_181\jre\lib\jce.jar;C:\Java\jdk1.8.0_181\jre\lib\charsets.jar;C:\Java\jdk1.8.0_181\jre\lib\jfr.jar;C:\Java\jdk1.8.0_181\jre\classes"/>
    <property name="user.script" value=""/>
    <property name="sun.management.compiler" value="HotSpot 64-Bit Tiered Compilers"/>
    <property name="java.runtime.version" value="1.8.0_181-b13"/>
    <property name="user.name" value="ja"/>
    <property name="path.separator" value=";"/>
    <property name="os.version" value="10.0"/>
    <property name="java.endorsed.dirs" value="C:\Java\jdk1.8.0_181\jre\lib\endorsed"/>
    <property name="java.runtime.name" value="Java(TM) SE Runtime Environment"/>
    <property name="file.encoding" value="GBK"/>
    <property name="java.vm.name" value="Java HotSpot(TM) 64-Bit Server VM"/>
    <property name="localRepository" value="E:\apache-maven-3.5.4\repository"/>
    <property name="java.vendor.url.bug" value="http://bugreport.sun.com/bugreport/"/>
    <property name="java.io.tmpdir" value="C:\Users\ja\AppData\Local\Temp\"/>
    <property name="java.version" value="1.8.0_181"/>
    <property name="user.dir" value="F:\xhnc\bcbpm-boot\bcbpm-framework"/>
    <property name="os.arch" value="amd64"/>
    <property name="java.vm.specification.name" value="Java Virtual Machine Specification"/>
    <property name="java.awt.printerjob" value="sun.awt.windows.WPrinterJob"/>
    <property name="sun.os.patch.level" value=""/>
    <property name="java.library.path" value="C:\Java\jdk1.8.0_181\jre\bin;C:\WINDOWS\Sun\Java\bin;C:\WINDOWS\system32;C:\WINDOWS;C:\Java\jdk1.8.0_181\bin;C:\Java\jdk1.8.0_181\jre\bin;G:\app\ja\product\11.2.0\client_1\bin;C:\Program Files (x86)\Common Files\NetSarang;C:\Program Files (x86)\Intel\iCLS Client\;C:\Program Files\Intel\iCLS Client\;C:\WINDOWS\system32;C:\WINDOWS;C:\WINDOWS\System32\Wbem;C:\WINDOWS\System32\WindowsPowerShell\v1.0\;C:\Program Files\Intel\Intel(R) Management Engine Components\DAL;C:\Program Files\Intel\Intel(R) Management Engine Components\IPT;C:\Program Files (x86)\Intel\Intel(R) Management Engine Components\DAL;C:\Program Files (x86)\Intel\Intel(R) Management Engine Components\IPT;C:\Program Files (x86)\Intel\OpenCL SDK\3.0\bin\x86;C:\Program Files (x86)\Intel\OpenCL SDK\3.0\bin\x64;C:\Program Files\Lenovo\Fingerprint Manager Pro\;C:\ProgramData\Lenovo\ReadyApps;E:\apache-maven-3.5.4\bin;E:\nexus-2.5.1-01\bin;C:\Program Files (x86)\Common Files\Oracle\Java\javapath;E:\Program Files\TortoiseSVN\bin;C:\Program Files\nodejs\;G:\GitMain\cmd;C:\Program Files\TortoiseGit\bin;C:\WINDOWS\System32\OpenSSH\;C:\Program Files (x86)\IDM Computer Solutions\UltraEdit\;C:\Users\ja\AppData\Local\Microsoft\WindowsApps;C:\Users\ja\AppData\Roaming\npm;;."/>
    <property name="java.vm.info" value="mixed mode"/>
    <property name="java.vendor" value="Oracle Corporation"/>
    <property name="java.vm.version" value="25.181-b13"/>
    <property name="java.ext.dirs" value="C:\Java\jdk1.8.0_181\jre\lib\ext;C:\WINDOWS\Sun\Java\lib\ext"/>
    <property name="sun.io.unicode.encoding" value="UnicodeLittle"/>
    <property name="java.class.version" value="52.0"/>
  </properties>
  <testcase name="shouldAnswerWithTrue" classname="com.bcbpm.framework.AppTest" time="0.002"/>
</testsuite>